<?xml version="1.0" encoding="UTF-8"?>
<testsuite xmlns:xsi="http://www.w3.org/2001/XMLSchema-instance" xsi:noNamespaceSchemaLocation="https://maven.apache.org/surefire/maven-surefire-plugin/xsd/surefire-test-report-3.0.xsd" version="3.0" name="dev.fernandocarvalho.payments.PaymentsApplicationTests" time="6.314" tests="1" errors="0" skipped="0" failures="0">
  <properties>
[...]
</properties>
  <testcase name="contextLoads" classname="dev.fernandocarvalho.payments.PaymentsApplicationTests" time="0.608">
    <system-out><![CDATA[12:48:53.569 [main] INFO org.springframework.test.context.support.AnnotationConfigContextLoaderUtils -- Could not detect default configuration classes for test class [dev.fernandocarvalho.payments.PaymentsApplicationTests]: PaymentsApplicationTests does not declare any static, non-private, non-final, nested classes annotated with @Configuration.
12:48:53.688 [main] INFO org.springframework.boot.test.context.SpringBootTestContextBootstrapper -- Found @SpringBootConfiguration dev.fernandocarvalho.payments.PaymentsApplication for test class dev.fernandocarvalho.payments.PaymentsApplicationTests

  .   ____          _            __ _ _
 /\\ / ___'_ __ _ _(_)_ __  __ _ \ \ \ \
( ( )\___ | '_ | '_| | '_ \/ _` | \ \ \ \
 \\/  ___)| |_)| | | | | || (_| |  ) ) ) )
  '  |____| .__|_| |_|_| |_\__, | / / / /
 =========|_|==============|___/=/_/_/_/
 :: Spring Boot ::                (v3.2.2)

2024-01-22T12:48:54.321-03:00  INFO 193784 --- [Payments] [           main] d.f.payments.PaymentsApplicationTests    : Starting PaymentsApplicationTests using Java 21.0.1 with PID 193784 (started by fernando in /home/fernando/projetos/system-design-study-2/payments)
2024-01-22T12:48:54.322-03:00  INFO 193784 --- [Payments] [           main] d.f.payments.PaymentsApplicationTests    : No active profile set, falling back to 1 default profile: "default"
2024-01-22T12:48:55.315-03:00  INFO 193784 --- [Payments] [           main] .s.d.r.c.RepositoryConfigurationDelegate : Bootstrapping Spring Data JPA repositories in DEFAULT mode.
2024-01-22T12:48:55.405-03:00  INFO 193784 --- [Payments] [           main] .s.d.r.c.RepositoryConfigurationDelegate : Finished Spring Data repository scanning in 79 ms. Found 1 JPA repository interface.
2024-01-22T12:48:56.530-03:00  INFO 193784 --- [Payments] [           main] o.f.c.internal.license.VersionPrinter    : Flyway Community Edition 9.22.3 by Redgate
2024-01-22T12:48:56.530-03:00  INFO 193784 --- [Payments] [           main] o.f.c.internal.license.VersionPrinter    : See release notes here: https://rd.gt/416ObMi
2024-01-22T12:48:56.530-03:00  INFO 193784 --- [Payments] [           main] o.f.c.internal.license.VersionPrinter    : 
2024-01-22T12:48:56.615-03:00  INFO 193784 --- [Payments] [           main] org.flywaydb.core.FlywayExecutor         : Database: jdbc:postgresql://localhost:5432/payments (PostgreSQL 15.3)
2024-01-22T12:48:56.665-03:00  INFO 193784 --- [Payments] [           main] o.f.core.internal.command.DbValidate     : Successfully validated 1 migration (execution time 00:00.031s)
2024-01-22T12:48:56.705-03:00  INFO 193784 --- [Payments] [           main] o.f.core.internal.command.DbMigrate      : Current version of schema "public": 1
2024-01-22T12:48:56.708-03:00  INFO 193784 --- [Payments] [           main] o.f.core.internal.command.DbMigrate      : Schema "public" is up to date. No migration necessary.
2024-01-22T12:48:56.837-03:00  INFO 193784 --- [Payments] [           main] o.hibernate.jpa.internal.util.LogHelper  : HHH000204: Processing PersistenceUnitInfo [name: default]
2024-01-22T12:48:56.897-03:00  INFO 193784 --- [Payments] [           main] org.hibernate.Version                    : HHH000412: Hibernate ORM core version 6.4.1.Final
2024-01-22T12:48:56.935-03:00  INFO 193784 --- [Payments] [           main] o.h.c.internal.RegionFactoryInitiator    : HHH000026: Second-level cache disabled
2024-01-22T12:48:57.202-03:00  INFO 193784 --- [Payments] [           main] o.s.o.j.p.SpringPersistenceUnitInfo      : No LoadTimeWeaver setup: ignoring JPA class transformer
2024-01-22T12:48:57.233-03:00  INFO 193784 --- [Payments] [           main] com.zaxxer.hikari.HikariDataSource       : HikariPool-1 - Starting...
2024-01-22T12:48:57.263-03:00  INFO 193784 --- [Payments] [           main] com.zaxxer.hikari.pool.HikariPool        : HikariPool-1 - Added connection org.postgresql.jdbc.PgConnection@4fad51a3
2024-01-22T12:48:57.265-03:00  INFO 193784 --- [Payments] [           main] com.zaxxer.hikari.HikariDataSource       : HikariPool-1 - Start completed.
2024-01-22T12:48:57.296-03:00  WARN 193784 --- [Payments] [           main] org.hibernate.orm.deprecation            : HHH90000025: PostgreSQLDialect does not need to be specified explicitly using 'hibernate.dialect' (remove the property setting and it will be selected by default)
2024-01-22T12:48:58.057-03:00  INFO 193784 --- [Payments] [           main] o.h.e.t.j.p.i.JtaPlatformInitiator       : HHH000489: No JTA platform available (set 'hibernate.transaction.jta.platform' to enable JTA platform integration)
2024-01-22T12:48:58.059-03:00  INFO 193784 --- [Payments] [           main] j.LocalContainerEntityManagerFactoryBean : Initialized JPA EntityManagerFactory for persistence unit 'default'
2024-01-22T12:48:58.494-03:00  WARN 193784 --- [Payments] [           main] JpaBaseConfiguration$JpaWebConfiguration : spring.jpa.open-in-view is enabled by default. Therefore, database queries may be performed during view rendering. Explicitly configure spring.jpa.open-in-view to disable this warning
2024-01-22T12:48:59.062-03:00  INFO 193784 --- [Payments] [           main] d.f.payments.PaymentsApplicationTests    : Started PaymentsApplicationTests in 5.196 seconds (process running for 6.296)
]]></system-out>
    <system-err><![CDATA[WARNING: A Java agent has been loaded dynamically (/home/fernando/.m2/repository/net/bytebuddy/byte-buddy-agent/1.14.11/byte-buddy-agent-1.14.11.jar)
WARNING: If a serviceability tool is in use, please run with -XX:+EnableDynamicAgentLoading to hide this warning
WARNING: If a serviceability tool is not in use, please run with -Djdk.instrument.traceUsage for more information
WARNING: Dynamic loading of agents will be disallowed by default in a future release
]]></system-err>
  </testcase>
</testsuite>